<?xml version="1.0" encoding="UTF-8"?>
<!-- Generated by org.testng.reporters.JUnitReportReporter -->
<testsuite hostname="sudhakarwin" failures="0" tests="4" name="com.ngtests.DemoTest1" time="0.013" errors="0" timestamp="2021-04-22T15:12:04 IST" skipped="0">
  <testcase classname="com.ngtests.DemoTest1" name="Test3" time="0.012"/>
  <system-out/>
  <testcase classname="com.ngtests.DemoTest1" name="Test4" time="0.000"/>
  <system-out/>
  <testcase classname="com.ngtests.DemoTest1" name="Test1" time="0.000"/>
  <system-out/>
  <testcase classname="com.ngtests.DemoTest1" name="Test2" time="0.001"/>
  <system-out/>
</testsuite> <!-- com.ngtests.DemoTest1 -->
