<?xml version="1.0" encoding="UTF-8"?>
<!-- Generated by org.testng.reporters.JUnitReportReporter -->
<testsuite hostname="sudhakarwin" failures="0" tests="2" name="com.ngtests.GoogleTest" time="0.004" errors="0" timestamp="2021-04-22T15:12:04 IST" skipped="1">
  <testcase classname="com.ngtests.GoogleTest" name="CreateAndSendMail" time="0.004"/>
  <system-out/>
  <testcase classname="com.ngtests.GoogleTest" name="CheckMail">
    <skipped/>
  </testcase> <!-- CheckMail -->
  <system-out/>
</testsuite> <!-- com.ngtests.GoogleTest -->
