<?xml version="1.0" encoding="UTF-8"?>
<!-- Generated by org.testng.reporters.JUnitReportReporter -->
<testsuite hostname="sudhakarwin" failures="0" tests="6" name="com.ngtests.OhrmAddDeleteEmployeeTest" time="23.050" errors="0" timestamp="2021-04-22T15:12:04 IST" skipped="0">
  <testcase classname="com.ngtests.OhrmAddDeleteEmployeeTest" name="DeleteEmployee" time="3.868"/>
  <system-out/>
  <testcase classname="com.ngtests.OhrmAddDeleteEmployeeTest" name="Logout" time="0.000"/>
  <system-out/>
  <testcase classname="com.ngtests.OhrmAddDeleteEmployeeTest" name="AddEmployee" time="6.743"/>
  <system-out/>
  <testcase classname="com.ngtests.OhrmAddDeleteEmployeeTest" name="CloseApplication" time="0.982"/>
  <system-out/>
  <testcase classname="com.ngtests.OhrmAddDeleteEmployeeTest" name="OpenApplication" time="7.961"/>
  <system-out/>
  <testcase classname="com.ngtests.OhrmAddDeleteEmployeeTest" name="Login" time="3.496"/>
  <system-out/>
</testsuite> <!-- com.ngtests.OhrmAddDeleteEmployeeTest -->
